-------------------------------------------------------------------------------
Test set: com.bank.BankManagement.BankManagementApplicationTests
-------------------------------------------------------------------------------
Tests run: 1, Failures: 0, Errors: 1, Skipped: 0, Time elapsed: 0.05 s <<< FAILURE! - in com.bank.BankManagement.BankManagementApplicationTests
com.bank.BankManagement.BankManagementApplicationTests  Time elapsed: 0.049 s  <<< ERROR!
java.lang.IllegalStateException: Unable to find a @SpringBootConfiguration, you need to use @ContextConfiguration or @SpringBootTest(classes=...) with your test

